e:\systemfile\desktop\貝果的家\碩一\圖學\project3framework\rollercoaster\roller coaster\x64\release\qrc_appmain.obj
e:\systemfile\desktop\貝果的家\碩一\圖學\project3framework\rollercoaster\roller coaster\x64\release\pnt3f.obj
e:\systemfile\desktop\貝果的家\碩一\圖學\project3framework\rollercoaster\roller coaster\x64\release\arcballcam.obj
e:\systemfile\desktop\貝果的家\碩一\圖學\project3framework\rollercoaster\roller coaster\x64\release\3dutils.obj
e:\systemfile\desktop\貝果的家\碩一\圖學\project3framework\rollercoaster\roller coaster\x64\release\triangle.obj
e:\systemfile\desktop\貝果的家\碩一\圖學\project3framework\rollercoaster\roller coaster\x64\release\trainview.obj
e:\systemfile\desktop\貝果的家\碩一\圖學\project3framework\rollercoaster\roller coaster\x64\release\track.obj
e:\systemfile\desktop\貝果的家\碩一\圖學\project3framework\rollercoaster\roller coaster\x64\release\square.obj
e:\systemfile\desktop\貝果的家\碩一\圖學\project3framework\rollercoaster\roller coaster\x64\release\main.obj
e:\systemfile\desktop\貝果的家\碩一\圖學\project3framework\rollercoaster\roller coaster\x64\release\controlpoint.obj
e:\systemfile\desktop\貝果的家\碩一\圖學\project3framework\rollercoaster\roller coaster\x64\release\appmain.obj
e:\systemfile\desktop\貝果的家\碩一\圖學\project3framework\rollercoaster\roller coaster\x64\release\moc_trainview.obj
e:\systemfile\desktop\貝果的家\碩一\圖學\project3framework\rollercoaster\roller coaster\x64\release\moc_appmain.obj
e:\systemfile\desktop\貝果的家\碩一\圖學\project3framework\rollercoaster\roller coaster\generatedfiles\ui_appmain.h
e:\systemfile\desktop\貝果的家\碩一\圖學\project3framework\rollercoaster\roller coaster\generatedfiles\release\moc_trainview.cpp
e:\systemfile\desktop\貝果的家\碩一\圖學\project3framework\rollercoaster\roller coaster\generatedfiles\release\moc_appmain.cpp
e:\systemfile\desktop\貝果的家\碩一\圖學\project3framework\rollercoaster\roller coaster\generatedfiles\qrc_appmain.cpp
e:\systemfile\desktop\貝果的家\碩一\圖學\project3framework\rollercoaster\x64\release\roller coaster.exe
e:\systemfile\desktop\貝果的家\碩一\圖學\project3framework\rollercoaster\roller coaster\x64\release\roller coaster.tlog\cl.command.1.tlog
e:\systemfile\desktop\貝果的家\碩一\圖學\project3framework\rollercoaster\roller coaster\x64\release\roller coaster.tlog\cl.read.1.tlog
e:\systemfile\desktop\貝果的家\碩一\圖學\project3framework\rollercoaster\roller coaster\x64\release\roller coaster.tlog\cl.write.1.tlog
e:\systemfile\desktop\貝果的家\碩一\圖學\project3framework\rollercoaster\roller coaster\x64\release\roller coaster.tlog\custombuild.command.1.tlog
e:\systemfile\desktop\貝果的家\碩一\圖學\project3framework\rollercoaster\roller coaster\x64\release\roller coaster.tlog\custombuild.read.1.tlog
e:\systemfile\desktop\貝果的家\碩一\圖學\project3framework\rollercoaster\roller coaster\x64\release\roller coaster.tlog\custombuild.write.1.tlog
e:\systemfile\desktop\貝果的家\碩一\圖學\project3framework\rollercoaster\roller coaster\x64\release\roller coaster.tlog\link.command.1.tlog
e:\systemfile\desktop\貝果的家\碩一\圖學\project3framework\rollercoaster\roller coaster\x64\release\roller coaster.tlog\link.read.1.tlog
e:\systemfile\desktop\貝果的家\碩一\圖學\project3framework\rollercoaster\roller coaster\x64\release\roller coaster.tlog\link.write.1.tlog
